<?xml version="1.0" encoding="UTF-8"?>
<coverage generated="1559900508456" clover="3.2.0">
  <project timestamp="1559900508456" name="All files">
    <metrics statements="24" coveredstatements="22" conditionals="15" coveredconditionals="7" methods="12" coveredmethods="10" elements="51" coveredelements="39" complexity="0" loc="24" ncloc="24" packages="1" files="1" classes="1"/>
    <file name="joki-react.umd.js" path="C:\work\joki-react\dist\joki-react.umd.js">
      <metrics statements="24" coveredstatements="22" conditionals="15" coveredconditionals="7" methods="12" coveredmethods="10"/>
      <line num="1" count="1" type="stmt"/>
      <line num="2" count="1" type="cond" truecount="3" falsecount="1"/>
      <line num="7" count="1" type="stmt"/>
      <line num="14" count="3" type="stmt"/>
      <line num="15" count="3" type="cond" truecount="1" falsecount="1"/>
      <line num="18" count="3" type="stmt"/>
      <line num="22" count="3" type="stmt"/>
      <line num="28" count="8" type="stmt"/>
      <line num="31" count="8" type="stmt"/>
      <line num="33" count="3" type="stmt"/>
      <line num="34" count="3" type="cond" truecount="1" falsecount="1"/>
      <line num="35" count="0" type="stmt"/>
      <line num="36" count="0" type="stmt"/>
      <line num="39" count="3" type="stmt"/>
      <line num="42" count="3" type="stmt"/>
      <line num="46" count="8" type="stmt"/>
      <line num="47" count="3" type="cond" truecount="1" falsecount="1"/>
      <line num="50" count="3" type="stmt"/>
      <line num="54" count="2" type="stmt"/>
      <line num="59" count="8" type="stmt"/>
      <line num="62" count="1" type="stmt"/>
      <line num="64" count="1" type="stmt"/>
      <line num="65" count="1" type="stmt"/>
      <line num="67" count="1" type="stmt"/>
    </file>
  </project>
</coverage>
