{"C:\\work\\joki-react\\dist\\joki-react.umd.js": {"path":"C:\\work\\joki-react\\dist\\joki-react.umd.js","statementMap":{"0":{"start":{"line":1,"column":0},"end":{"line":69,"column":5}},"1":{"start":{"line":2,"column":4},"end":{"line":4,"column":56}},"2":{"start":{"line":7,"column":28},"end":{"line":11,"column":5}},"3":{"start":{"line":14,"column":8},"end":{"line":24,"column":11}},"4":{"start":{"line":15,"column":32},"end":{"line":17,"column":35}},"5":{"start":{"line":18,"column":12},"end":{"line":23,"column":15}},"6":{"start":{"line":22,"column":16},"end":{"line":22,"column":40}},"7":{"start":{"line":28,"column":48},"end":{"line":28,"column":84}},"8":{"start":{"line":31,"column":8},"end":{"line":43,"column":38}},"9":{"start":{"line":33,"column":32},"end":{"line":33,"column":85}},"10":{"start":{"line":34,"column":16},"end":{"line":40,"column":17}},"11":{"start":{"line":35,"column":20},"end":{"line":37,"column":23}},"12":{"start":{"line":36,"column":24},"end":{"line":36,"column":45}},"13":{"start":{"line":39,"column":20},"end":{"line":39,"column":45}},"14":{"start":{"line":42,"column":12},"end":{"line":42,"column":33}},"15":{"start":{"line":46,"column":8},"end":{"line":57,"column":38}},"16":{"start":{"line":47,"column":34},"end":{"line":49,"column":30}},"17":{"start":{"line":50,"column":12},"end":{"line":56,"column":15}},"18":{"start":{"line":54,"column":20},"end":{"line":54,"column":48}},"19":{"start":{"line":59,"column":8},"end":{"line":59,"column":30}},"20":{"start":{"line":62,"column":23},"end":{"line":62,"column":30}},"21":{"start":{"line":64,"column":4},"end":{"line":64,"column":36}},"22":{"start":{"line":65,"column":4},"end":{"line":65,"column":36}},"23":{"start":{"line":67,"column":4},"end":{"line":67,"column":66}}},"fnMap":{"0":{"name":"(anonymous_0)","decl":{"start":{"line":1,"column":1},"end":{"line":1,"column":2}},"loc":{"start":{"line":1,"column":28},"end":{"line":5,"column":1}},"line":1},"1":{"name":"(anonymous_1)","decl":{"start":{"line":5,"column":9},"end":{"line":5,"column":10}},"loc":{"start":{"line":5,"column":34},"end":{"line":69,"column":1}},"line":5},"2":{"name":"(anonymous_2)","decl":{"start":{"line":10,"column":13},"end":{"line":10,"column":14}},"loc":{"start":{"line":10,"column":19},"end":{"line":10,"column":21}},"line":10},"3":{"name":"getInitialServiceState","decl":{"start":{"line":13,"column":13},"end":{"line":13,"column":35}},"loc":{"start":{"line":13,"column":53},"end":{"line":25,"column":5}},"line":13},"4":{"name":"(anonymous_4)","decl":{"start":{"line":14,"column":27},"end":{"line":14,"column":28}},"loc":{"start":{"line":14,"column":48},"end":{"line":24,"column":9}},"line":14},"5":{"name":"(anonymous_5)","decl":{"start":{"line":21,"column":20},"end":{"line":21,"column":21}},"loc":{"start":{"line":21,"column":27},"end":{"line":23,"column":13}},"line":21},"6":{"name":"useService","decl":{"start":{"line":27,"column":13},"end":{"line":27,"column":23}},"loc":{"start":{"line":27,"column":76},"end":{"line":60,"column":5}},"line":27},"7":{"name":"(anonymous_7)","decl":{"start":{"line":31,"column":24},"end":{"line":31,"column":25}},"loc":{"start":{"line":31,"column":30},"end":{"line":43,"column":9}},"line":31},"8":{"name":"initializeHookData","decl":{"start":{"line":32,"column":27},"end":{"line":32,"column":45}},"loc":{"start":{"line":32,"column":48},"end":{"line":41,"column":13}},"line":32},"9":{"name":"(anonymous_9)","decl":{"start":{"line":35,"column":33},"end":{"line":35,"column":34}},"loc":{"start":{"line":35,"column":40},"end":{"line":37,"column":21}},"line":35},"10":{"name":"(anonymous_10)","decl":{"start":{"line":46,"column":24},"end":{"line":46,"column":25}},"loc":{"start":{"line":46,"column":30},"end":{"line":57,"column":9}},"line":46},"11":{"name":"(anonymous_11)","decl":{"start":{"line":53,"column":20},"end":{"line":53,"column":21}},"loc":{"start":{"line":53,"column":29},"end":{"line":55,"column":17}},"line":53}},"branchMap":{"0":{"loc":{"start":{"line":2,"column":4},"end":{"line":4,"column":55}},"type":"cond-expr","locations":[{"start":{"line":2,"column":67},"end":{"line":2,"column":101}},{"start":{"line":3,"column":4},"end":{"line":4,"column":55}}],"line":2},"1":{"loc":{"start":{"line":2,"column":4},"end":{"line":2,"column":64}},"type":"binary-expr","locations":[{"start":{"line":2,"column":4},"end":{"line":2,"column":31}},{"start":{"line":2,"column":35},"end":{"line":2,"column":64}}],"line":2},"2":{"loc":{"start":{"line":3,"column":4},"end":{"line":4,"column":55}},"type":"cond-expr","locations":[{"start":{"line":3,"column":49},"end":{"line":3,"column":86}},{"start":{"line":4,"column":5},"end":{"line":4,"column":54}}],"line":3},"3":{"loc":{"start":{"line":3,"column":4},"end":{"line":3,"column":46}},"type":"binary-expr","locations":[{"start":{"line":3,"column":4},"end":{"line":3,"column":32}},{"start":{"line":3,"column":36},"end":{"line":3,"column":46}}],"line":3},"4":{"loc":{"start":{"line":15,"column":32},"end":{"line":17,"column":35}},"type":"cond-expr","locations":[{"start":{"line":16,"column":18},"end":{"line":16,"column":57}},{"start":{"line":17,"column":18},"end":{"line":17,"column":35}}],"line":15},"5":{"loc":{"start":{"line":27,"column":49},"end":{"line":27,"column":74}},"type":"default-arg","locations":[{"start":{"line":27,"column":59},"end":{"line":27,"column":74}}],"line":27},"6":{"loc":{"start":{"line":34,"column":16},"end":{"line":40,"column":17}},"type":"if","locations":[{"start":{"line":34,"column":16},"end":{"line":40,"column":17}},{"start":{"line":34,"column":16},"end":{"line":40,"column":17}}],"line":34},"7":{"loc":{"start":{"line":47,"column":34},"end":{"line":49,"column":30}},"type":"cond-expr","locations":[{"start":{"line":48,"column":18},"end":{"line":48,"column":60}},{"start":{"line":49,"column":18},"end":{"line":49,"column":30}}],"line":47}},"s":{"0":1,"1":1,"2":1,"3":3,"4":3,"5":3,"6":3,"7":8,"8":8,"9":3,"10":3,"11":0,"12":0,"13":3,"14":3,"15":8,"16":3,"17":3,"18":2,"19":8,"20":1,"21":1,"22":1,"23":1},"f":{"0":1,"1":1,"2":0,"3":3,"4":3,"5":3,"6":8,"7":3,"8":3,"9":0,"10":3,"11":2},"b":{"0":[1,0],"1":[1,1],"2":[0,0],"3":[0,0],"4":[3,0],"5":[8],"6":[0,3],"7":[3,0]},"_coverageSchema":"43e27e138ebf9cfc5966b082cf9a028302ed4184","hash":"d28dc785167cd01c55d561ff74e83264ef0ea402"}
}
