TN:
SF:C:\work\joki-react\dist\joki-react.umd.js
FN:1,(anonymous_0)
FN:5,(anonymous_1)
FN:10,(anonymous_2)
FN:13,getInitialServiceState
FN:14,(anonymous_4)
FN:21,(anonymous_5)
FN:27,useService
FN:31,(anonymous_7)
FN:32,initializeHookData
FN:35,(anonymous_9)
FN:46,(anonymous_10)
FN:53,(anonymous_11)
FNF:12
FNH:10
FNDA:1,(anonymous_0)
FNDA:1,(anonymous_1)
FNDA:0,(anonymous_2)
FNDA:3,getInitialServiceState
FNDA:3,(anonymous_4)
FNDA:3,(anonymous_5)
FNDA:8,useService
FNDA:3,(anonymous_7)
FNDA:3,initializeHookData
FNDA:0,(anonymous_9)
FNDA:3,(anonymous_10)
FNDA:2,(anonymous_11)
DA:1,1
DA:2,1
DA:7,1
DA:14,3
DA:15,3
DA:18,3
DA:22,3
DA:28,8
DA:31,8
DA:33,3
DA:34,3
DA:35,0
DA:36,0
DA:39,3
DA:42,3
DA:46,8
DA:47,3
DA:50,3
DA:54,2
DA:59,8
DA:62,1
DA:64,1
DA:65,1
DA:67,1
LF:24
LH:22
BRDA:2,0,0,1
BRDA:2,0,1,0
BRDA:2,1,0,1
BRDA:2,1,1,1
BRDA:3,2,0,0
BRDA:3,2,1,0
BRDA:3,3,0,0
BRDA:3,3,1,0
BRDA:15,4,0,3
BRDA:15,4,1,0
BRDA:27,5,0,8
BRDA:34,6,0,0
BRDA:34,6,1,3
BRDA:47,7,0,3
BRDA:47,7,1,0
BRF:15
BRH:7
end_of_record
